e:\projects\sandboxapp\x64\debug\vc143.pdb
e:\projects\sandboxapp\x64\debug\vc143.idb
e:\projects\sandboxapp\x64\debug\glad.obj
e:\projects\sandboxapp\x64\debug\main.obj
e:\projects\sandboxapp\x64\debug\sandboxapp.obj
e:\projects\sandboxapp\x64\debug\sandbox.pdb
e:\projects\sandboxapp\x64\debug\sandbox.tlog\cl.command.1.tlog
e:\projects\sandboxapp\x64\debug\sandbox.tlog\cl.items.tlog
e:\projects\sandboxapp\x64\debug\sandbox.tlog\cl.read.1.tlog
e:\projects\sandboxapp\x64\debug\sandbox.tlog\cl.write.1.tlog
e:\projects\sandboxapp\x64\debug\sandbox.tlog\link-cvtres.read.1.tlog
e:\projects\sandboxapp\x64\debug\sandbox.tlog\link-cvtres.write.1.tlog
e:\projects\sandboxapp\x64\debug\sandbox.tlog\link-rc.read.1.tlog
e:\projects\sandboxapp\x64\debug\sandbox.tlog\link-rc.write.1.tlog
e:\projects\sandboxapp\x64\debug\sandbox.tlog\link.11000-cvtres.read.1.tlog
e:\projects\sandboxapp\x64\debug\sandbox.tlog\link.11000-cvtres.write.1.tlog
e:\projects\sandboxapp\x64\debug\sandbox.tlog\link.11000-rc.read.1.tlog
e:\projects\sandboxapp\x64\debug\sandbox.tlog\link.11000-rc.write.1.tlog
e:\projects\sandboxapp\x64\debug\sandbox.tlog\link.11000.read.1.tlog
e:\projects\sandboxapp\x64\debug\sandbox.tlog\link.11000.read.2.tlog
e:\projects\sandboxapp\x64\debug\sandbox.tlog\link.11000.write.1.tlog
e:\projects\sandboxapp\x64\debug\sandbox.tlog\link.command.1.tlog
e:\projects\sandboxapp\x64\debug\sandbox.tlog\link.read.1.tlog
e:\projects\sandboxapp\x64\debug\sandbox.tlog\link.read.2.tlog
e:\projects\sandboxapp\x64\debug\sandbox.tlog\link.write.1.tlog
